2023-12-09 00:06:52,034 INFO Начало работы
2023-12-09 00:06:52,034 INFO Запрос количества побед
2023-12-09 00:07:04,969 INFO Количество побед - 3
2023-12-09 00:07:04,970 INFO Начало 1 партии
2023-12-09 00:07:04,970 INFO Компьютер загадал - камень
2023-12-09 00:07:04,970 INFO Запрос хода у пользователя
2023-12-09 00:07:21,980 ERROR Ошибка!!! Пользователь ввел - ааа
2023-12-09 00:07:21,981 INFO Запрос хода у пользователя
2023-12-09 00:07:23,036 ERROR Ошибка!!! Пользователь ввел - 
2023-12-09 00:07:23,036 INFO Запрос хода у пользователя
2023-12-09 00:07:26,449 INFO Пользователь выбрал - камень
2023-12-09 00:07:26,449 INFO Результат - Ничья
2023-12-09 00:07:26,449 INFO Конец 1 партии
2023-12-09 00:07:26,450 INFO Начало 2 партии
2023-12-09 00:07:26,450 INFO Компьютер загадал - ножницы
2023-12-09 00:07:26,450 INFO Запрос хода у пользователя
2023-12-09 00:07:36,633 INFO Пользователь выбрал - камень
2023-12-09 00:07:36,633 INFO Результат - Победа пользователя
2023-12-09 00:07:36,633 INFO Конец 2 партии
2023-12-09 00:07:36,633 INFO Начало 3 партии
2023-12-09 00:07:36,633 INFO Компьютер загадал - камень
2023-12-09 00:07:36,633 INFO Запрос хода у пользователя
2023-12-09 00:07:46,857 INFO Пользователь выбрал - ножницы
2023-12-09 00:07:46,858 INFO Результат - Победа компьютера
2023-12-09 00:07:46,858 INFO Конец 3 партии
2023-12-09 00:07:46,858 INFO Начало 4 партии
2023-12-09 00:07:46,858 INFO Компьютер загадал - бумага
2023-12-09 00:07:46,858 INFO Запрос хода у пользователя
2023-12-09 00:07:50,374 INFO Пользователь выбрал - ножницы
2023-12-09 00:07:50,374 INFO Результат - Победа пользователя
2023-12-09 00:07:50,374 INFO Конец 4 партии
2023-12-09 00:07:50,374 INFO Начало 5 партии
2023-12-09 00:07:50,374 INFO Компьютер загадал - камень
2023-12-09 00:07:50,374 INFO Запрос хода у пользователя
2023-12-09 00:07:53,204 INFO Пользователь выбрал - бумага
2023-12-09 00:07:53,204 INFO Результат - Победа пользователя
2023-12-09 00:07:53,204 INFO Конец 5 партии
2023-12-09 00:07:53,204 INFO 
2023-12-09 00:09:02,901 INFO Начало работы
2023-12-09 00:09:02,901 INFO Запрос количества побед
2023-12-09 00:09:10,241 INFO Количество побед - 5
2023-12-09 00:09:10,241 INFO Начало 1 партии
2023-12-09 00:09:10,242 INFO Компьютер загадал - бумага
2023-12-09 00:09:10,242 INFO Запрос хода у пользователя
2023-12-09 00:09:12,977 INFO Пользователь выбрал - камень
2023-12-09 00:09:12,977 INFO Результат - Победа компьютера
2023-12-09 00:09:12,977 INFO Конец 1 партии
2023-12-09 00:09:12,977 INFO Начало 2 партии
2023-12-09 00:09:12,977 INFO Компьютер загадал - камень
2023-12-09 00:09:12,977 INFO Запрос хода у пользователя
2023-12-09 00:09:15,360 INFO Пользователь выбрал - камень
2023-12-09 00:09:15,360 INFO Результат - Ничья
2023-12-09 00:09:15,361 INFO Конец 2 партии
2023-12-09 00:09:15,361 INFO Начало 3 партии
2023-12-09 00:09:15,361 INFO Компьютер загадал - камень
2023-12-09 00:09:15,361 INFO Запрос хода у пользователя
2023-12-09 00:09:17,570 INFO Пользователь выбрал - камень
2023-12-09 00:09:17,571 INFO Результат - Ничья
2023-12-09 00:09:17,571 INFO Конец 3 партии
2023-12-09 00:09:17,571 INFO Начало 4 партии
2023-12-09 00:09:17,571 INFO Компьютер загадал - бумага
2023-12-09 00:09:17,571 INFO Запрос хода у пользователя
2023-12-09 00:09:19,870 INFO Пользователь выбрал - камень
2023-12-09 00:09:19,870 INFO Результат - Победа компьютера
2023-12-09 00:09:19,870 INFO Конец 4 партии
2023-12-09 00:09:19,870 INFO Начало 5 партии
2023-12-09 00:09:19,871 INFO Компьютер загадал - бумага
2023-12-09 00:09:19,871 INFO Запрос хода у пользователя
2023-12-09 00:09:22,216 INFO Пользователь выбрал - камень
2023-12-09 00:09:22,216 INFO Результат - Победа компьютера
2023-12-09 00:09:22,216 INFO Конец 5 партии
2023-12-09 00:09:22,216 INFO Начало 6 партии
2023-12-09 00:09:22,216 INFO Компьютер загадал - бумага
2023-12-09 00:09:22,217 INFO Запрос хода у пользователя
2023-12-09 00:09:24,271 INFO Пользователь выбрал - камень
2023-12-09 00:09:24,271 INFO Результат - Победа компьютера
2023-12-09 00:09:24,271 INFO Конец 6 партии
2023-12-09 00:09:24,272 INFO Начало 7 партии
2023-12-09 00:09:24,272 INFO Компьютер загадал - ножницы
2023-12-09 00:09:24,272 INFO Запрос хода у пользователя
2023-12-09 00:09:26,936 INFO Пользователь выбрал - камень
2023-12-09 00:09:26,936 INFO Результат - Победа пользователя
2023-12-09 00:09:26,937 INFO Конец 7 партии
2023-12-09 00:09:26,937 INFO Начало 8 партии
2023-12-09 00:09:26,937 INFO Компьютер загадал - камень
2023-12-09 00:09:26,937 INFO Запрос хода у пользователя
2023-12-09 00:09:30,871 INFO Пользователь выбрал - ножницы
2023-12-09 00:09:30,872 INFO Результат - Победа компьютера
2023-12-09 00:09:30,872 INFO Конец 8 партии
2023-12-09 00:09:30,872 INFO Начало 9 партии
2023-12-09 00:09:30,872 INFO Компьютер загадал - камень
2023-12-09 00:09:30,872 INFO Запрос хода у пользователя
2023-12-09 00:09:34,457 INFO Пользователь выбрал - ножницы
2023-12-09 00:09:34,457 INFO Результат - Победа компьютера
2023-12-09 00:09:34,457 INFO Конец 9 партии
2023-12-09 00:09:34,457 INFO Начало 10 партии
2023-12-09 00:09:34,457 INFO Компьютер загадал - бумага
2023-12-09 00:09:34,457 INFO Запрос хода у пользователя
2023-12-09 00:09:40,827 INFO Пользователь выбрал - ножницы
2023-12-09 00:09:40,827 INFO Результат - Победа пользователя
2023-12-09 00:09:40,827 INFO Конец 10 партии
2023-12-09 00:09:40,827 INFO Начало 11 партии
2023-12-09 00:09:40,827 INFO Компьютер загадал - ножницы
2023-12-09 00:09:40,828 INFO Запрос хода у пользователя
2023-12-09 00:09:50,318 INFO Пользователь выбрал - бумага
2023-12-09 00:09:50,318 INFO Результат - Победа компьютера
2023-12-09 00:09:50,318 INFO Конец 11 партии
2023-12-09 00:09:50,318 INFO Начало 12 партии
2023-12-09 00:09:50,318 INFO Компьютер загадал - камень
2023-12-09 00:09:50,319 INFO Запрос хода у пользователя
2023-12-09 00:09:53,209 INFO Пользователь выбрал - бумага
2023-12-09 00:09:53,209 INFO Результат - Победа пользователя
2023-12-09 00:09:53,209 INFO Конец 12 партии
2023-12-09 00:09:53,209 INFO Начало 13 партии
2023-12-09 00:09:53,209 INFO Компьютер загадал - бумага
2023-12-09 00:09:53,210 INFO Запрос хода у пользователя
2023-12-09 00:09:59,595 INFO Пользователь выбрал - камень
2023-12-09 00:09:59,595 INFO Результат - Победа компьютера
2023-12-09 00:09:59,595 INFO Конец 13 партии
2023-12-09 00:09:59,596 INFO Начало 14 партии
2023-12-09 00:09:59,596 INFO Компьютер загадал - ножницы
2023-12-09 00:09:59,596 INFO Запрос хода у пользователя
2023-12-09 00:10:02,015 INFO Пользователь выбрал - бумага
2023-12-09 00:10:02,015 INFO Результат - Победа компьютера
2023-12-09 00:10:02,015 INFO Конец 14 партии
2023-12-09 00:10:02,015 INFO Начало 15 партии
2023-12-09 00:10:02,015 INFO Компьютер загадал - бумага
2023-12-09 00:10:02,015 INFO Запрос хода у пользователя
2023-12-09 00:10:04,090 INFO Пользователь выбрал - бумага
2023-12-09 00:10:04,090 INFO Результат - Ничья
2023-12-09 00:10:04,090 INFO Конец 15 партии
2023-12-09 00:10:04,090 INFO Начало 16 партии
2023-12-09 00:10:04,090 INFO Компьютер загадал - бумага
2023-12-09 00:10:04,091 INFO Запрос хода у пользователя
2023-12-09 00:10:06,720 INFO Пользователь выбрал - ножницы
2023-12-09 00:10:06,720 INFO Результат - Победа пользователя
2023-12-09 00:10:06,720 INFO Конец 16 партии
2023-12-09 00:10:06,721 INFO Начало 17 партии
2023-12-09 00:10:06,721 INFO Компьютер загадал - камень
2023-12-09 00:10:06,721 INFO Запрос хода у пользователя
2023-12-09 00:10:09,326 INFO Пользователь выбрал - камень
2023-12-09 00:10:09,326 INFO Результат - Ничья
2023-12-09 00:10:09,326 INFO Конец 17 партии
2023-12-09 00:10:09,326 INFO Начало 18 партии
2023-12-09 00:10:09,327 INFO Компьютер загадал - камень
2023-12-09 00:10:09,327 INFO Запрос хода у пользователя
2023-12-09 00:10:11,622 INFO Пользователь выбрал - камень
2023-12-09 00:10:11,622 INFO Результат - Ничья
2023-12-09 00:10:11,622 INFO Конец 18 партии
2023-12-09 00:10:11,622 INFO Начало 19 партии
2023-12-09 00:10:11,622 INFO Компьютер загадал - ножницы
2023-12-09 00:10:11,623 INFO Запрос хода у пользователя
2023-12-09 00:10:14,436 INFO Пользователь выбрал - бумага
2023-12-09 00:10:14,436 INFO Результат - Победа компьютера
2023-12-09 00:10:14,436 INFO Конец 19 партии
2023-12-09 00:10:14,436 INFO Начало 20 партии
2023-12-09 00:10:14,437 INFO Компьютер загадал - камень
2023-12-09 00:10:14,437 INFO Запрос хода у пользователя
2023-12-09 00:10:16,951 INFO Пользователь выбрал - ножницы
2023-12-09 00:10:16,951 INFO Результат - Победа компьютера
2023-12-09 00:10:16,951 INFO Конец 20 партии
2023-12-09 00:10:16,951 INFO Начало 21 партии
2023-12-09 00:10:16,951 INFO Компьютер загадал - бумага
2023-12-09 00:10:16,952 INFO Запрос хода у пользователя
2023-12-09 00:10:18,986 INFO Пользователь выбрал - бумага
2023-12-09 00:10:18,986 INFO Результат - Ничья
2023-12-09 00:10:18,987 INFO Конец 21 партии
2023-12-09 00:10:18,987 INFO Начало 22 партии
2023-12-09 00:10:18,987 INFO Компьютер загадал - камень
2023-12-09 00:10:18,987 INFO Запрос хода у пользователя
2023-12-09 00:10:22,022 INFO Пользователь выбрал - камень
2023-12-09 00:10:22,022 INFO Результат - Ничья
2023-12-09 00:10:22,022 INFO Конец 22 партии
2023-12-09 00:10:22,022 INFO Начало 23 партии
2023-12-09 00:10:22,022 INFO Компьютер загадал - камень
2023-12-09 00:10:22,022 INFO Запрос хода у пользователя
2023-12-09 00:10:24,262 INFO Пользователь выбрал - бумага
2023-12-09 00:10:24,262 INFO Результат - Победа пользователя
2023-12-09 00:10:24,262 INFO Конец 23 партии
2023-12-09 00:10:24,262 INFO 
